<?xml version="1.0" encoding="UTF-8"?>
<testsuite xmlns:xsi="http://www.w3.org/2001/XMLSchema-instance" xsi:noNamespaceSchemaLocation="https://maven.apache.org/surefire/maven-surefire-plugin/xsd/surefire-test-report.xsd" version="3.0.2" name="com.cedarsoftware.io.AtomicIntegerTest" time="0.185" tests="1" errors="1" skipped="0" failures="0">
  <properties>
    <property name="java.specification.version" value="17"/>
    <property name="nondexStart" value="0"/>
    <property name="user.region" value="US"/>
    <property name="sun.jnu.encoding" value="UTF-8"/>
    <property name="java.class.path" value="/Users/jderegnaucourt/workspace/json-io/target/test-classes:/Users/jderegnaucourt/workspace/json-io/target/classes:/Users/jderegnaucourt/.m2/repository/com/cedarsoftware/java-util/2.15.0/java-util-2.15.0.jar:/Users/jderegnaucourt/.m2/repository/org/junit/jupiter/junit-jupiter-api/5.11.1/junit-jupiter-api-5.11.1.jar:/Users/jderegnaucourt/.m2/repository/org/opentest4j/opentest4j/1.3.0/opentest4j-1.3.0.jar:/Users/jderegnaucourt/.m2/repository/org/junit/platform/junit-platform-commons/1.11.1/junit-platform-commons-1.11.1.jar:/Users/jderegnaucourt/.m2/repository/org/apiguardian/apiguardian-api/1.1.2/apiguardian-api-1.1.2.jar:/Users/jderegnaucourt/.m2/repository/org/junit/jupiter/junit-jupiter-params/5.11.1/junit-jupiter-params-5.11.1.jar:/Users/jderegnaucourt/.m2/repository/com/google/code/gson/gson/2.11.0/gson-2.11.0.jar:/Users/jderegnaucourt/.m2/repository/com/google/errorprone/error_prone_annotations/2.27.0/error_prone_annotations-2.27.0.jar:/Users/jderegnaucourt/.m2/repository/org/assertj/assertj-core/3.26.3/assertj-core-3.26.3.jar:/Users/jderegnaucourt/.m2/repository/net/bytebuddy/byte-buddy/1.14.18/byte-buddy-1.14.18.jar:/Users/jderegnaucourt/.m2/repository/com/fasterxml/jackson/core/jackson-core/2.18.0/jackson-core-2.18.0.jar:/Users/jderegnaucourt/.m2/repository/com/fasterxml/jackson/core/jackson-annotations/2.18.0/jackson-annotations-2.18.0.jar:/Users/jderegnaucourt/.m2/repository/com/fasterxml/jackson/core/jackson-databind/2.18.0/jackson-databind-2.18.0.jar:/Users/jderegnaucourt/.m2/repository/org/slf4j/slf4j-api/2.0.13/slf4j-api-2.0.13.jar:/Users/jderegnaucourt/.m2/repository/ch/qos/logback/logback-classic/1.5.8/logback-classic-1.5.8.jar:/Users/jderegnaucourt/.m2/repository/ch/qos/logback/logback-core/1.5.8/logback-core-1.5.8.jar:"/>
    <property name="java.vm.vendor" value="Eclipse Adoptium"/>
    <property name="nondexPrintstack" value="false"/>
    <property name="sun.arch.data.model" value="64"/>
    <property name="nondexRuns" value="10"/>
    <property name="java.vendor.url" value="https://adoptium.net/"/>
    <property name="user.timezone" value="America/New_York"/>
    <property name="java.vm.specification.version" value="17"/>
    <property name="os.name" value="Mac OS X"/>
    <property name="user.country" value="US"/>
    <property name="sun.java.launcher" value="SUN_STANDARD"/>
    <property name="sun.boot.library.path" value="/Library/Java/JavaVirtualMachines/temurin-17.jdk/Contents/Home/lib"/>
    <property name="sun.java.command" value="/Users/jderegnaucourt/workspace/json-io/target/surefire/surefirebooter-20241005163629225_12.jar /Users/jderegnaucourt/workspace/json-io/target/surefire 2024-10-05T16-36-29_173-jvmRun1 surefire-20241005163629225_10tmp surefire_3-20241005163629225_11tmp"/>
    <property name="nondexLogging" value="CONFIG"/>
    <property name="jdk.debug" value="release"/>
    <property name="surefire.test.class.path" value="/Users/jderegnaucourt/workspace/json-io/target/test-classes:/Users/jderegnaucourt/workspace/json-io/target/classes:/Users/jderegnaucourt/.m2/repository/com/cedarsoftware/java-util/2.15.0/java-util-2.15.0.jar:/Users/jderegnaucourt/.m2/repository/org/junit/jupiter/junit-jupiter-api/5.11.1/junit-jupiter-api-5.11.1.jar:/Users/jderegnaucourt/.m2/repository/org/opentest4j/opentest4j/1.3.0/opentest4j-1.3.0.jar:/Users/jderegnaucourt/.m2/repository/org/junit/platform/junit-platform-commons/1.11.1/junit-platform-commons-1.11.1.jar:/Users/jderegnaucourt/.m2/repository/org/apiguardian/apiguardian-api/1.1.2/apiguardian-api-1.1.2.jar:/Users/jderegnaucourt/.m2/repository/org/junit/jupiter/junit-jupiter-params/5.11.1/junit-jupiter-params-5.11.1.jar:/Users/jderegnaucourt/.m2/repository/com/google/code/gson/gson/2.11.0/gson-2.11.0.jar:/Users/jderegnaucourt/.m2/repository/com/google/errorprone/error_prone_annotations/2.27.0/error_prone_annotations-2.27.0.jar:/Users/jderegnaucourt/.m2/repository/org/assertj/assertj-core/3.26.3/assertj-core-3.26.3.jar:/Users/jderegnaucourt/.m2/repository/net/bytebuddy/byte-buddy/1.14.18/byte-buddy-1.14.18.jar:/Users/jderegnaucourt/.m2/repository/com/fasterxml/jackson/core/jackson-core/2.18.0/jackson-core-2.18.0.jar:/Users/jderegnaucourt/.m2/repository/com/fasterxml/jackson/core/jackson-annotations/2.18.0/jackson-annotations-2.18.0.jar:/Users/jderegnaucourt/.m2/repository/com/fasterxml/jackson/core/jackson-databind/2.18.0/jackson-databind-2.18.0.jar:/Users/jderegnaucourt/.m2/repository/org/slf4j/slf4j-api/2.0.13/slf4j-api-2.0.13.jar:/Users/jderegnaucourt/.m2/repository/ch/qos/logback/logback-classic/1.5.8/logback-classic-1.5.8.jar:/Users/jderegnaucourt/.m2/repository/ch/qos/logback/logback-core/1.5.8/logback-core-1.5.8.jar:"/>
    <property name="test" value="com.cedarsoftware.io.AtomicIntegerTest#testAssignAtomicInteger"/>
    <property name="sun.cpu.endian" value="little"/>
    <property name="nondexExecid" value="ssBhtlC5kFf0WbVvIH8XjUedUGEKgrTCaT+T2358SqY="/>
    <property name="user.home" value="/Users/jderegnaucourt"/>
    <property name="user.language" value="en"/>
    <property name="java.specification.vendor" value="Oracle Corporation"/>
    <property name="java.version.date" value="2024-07-16"/>
    <property name="java.home" value="/Library/Java/JavaVirtualMachines/temurin-17.jdk/Contents/Home"/>
    <property name="file.separator" value="/"/>
    <property name="basedir" value="/Users/jderegnaucourt/workspace/json-io"/>
    <property name="java.vm.compressedOopsMode" value="Zero based"/>
    <property name="line.separator" value="&#10;"/>
    <property name="nondexEnd" value="9223372036854775807"/>
    <property name="java.vm.specification.vendor" value="Oracle Corporation"/>
    <property name="java.specification.name" value="Java Platform API Specification"/>
    <property name="nondexFilter" value=".*"/>
    <property name="nondexSeed" value="1016066"/>
    <property name="surefire.real.class.path" value="/Users/jderegnaucourt/workspace/json-io/target/surefire/surefirebooter-20241005163629225_12.jar"/>
    <property name="sun.management.compiler" value="HotSpot 64-Bit Tiered Compilers"/>
    <property name="java.runtime.version" value="17.0.12+7"/>
    <property name="user.name" value="jderegnaucourt"/>
    <property name="path.separator" value=":"/>
    <property name="os.version" value="14.6.1"/>
    <property name="java.runtime.name" value="OpenJDK Runtime Environment"/>
    <property name="file.encoding" value="UTF-8"/>
    <property name="java.vm.name" value="OpenJDK 64-Bit Server VM"/>
    <property name="java.vendor.version" value="Temurin-17.0.12+7"/>
    <property name="localRepository" value="/Users/jderegnaucourt/.m2/repository"/>
    <property name="nondexDir" value="/Users/jderegnaucourt/workspace/json-io/.nondex"/>
    <property name="nondexJarDir" value="/Users/jderegnaucourt/workspace/json-io/.nondex"/>
    <property name="java.vendor.url.bug" value="https://github.com/adoptium/adoptium-support/issues"/>
    <property name="java.io.tmpdir" value="/var/folders/dj/sv6l2xmn6w122kwln048b93sp77ctc/T/"/>
    <property name="java.version" value="17.0.12"/>
    <property name="user.dir" value="/Users/jderegnaucourt/workspace/json-io"/>
    <property name="os.arch" value="aarch64"/>
    <property name="nondexMode" value="FULL"/>
    <property name="java.vm.specification.name" value="Java Virtual Machine Specification"/>
    <property name="native.encoding" value="UTF-8"/>
    <property name="java.library.path" value="/Users/jderegnaucourt/Library/Java/Extensions:/Library/Java/Extensions:/Network/Library/Java/Extensions:/System/Library/Java/Extensions:/usr/lib/java:."/>
    <property name="java.vendor" value="Eclipse Adoptium"/>
    <property name="java.vm.info" value="mixed mode"/>
    <property name="java.vm.version" value="17.0.12+7"/>
    <property name="sun.io.unicode.encoding" value="UnicodeBig"/>
    <property name="java.class.version" value="61.0"/>
  </properties>
  <testcase name="testAssignAtomicInteger" classname="com.cedarsoftware.io.AtomicIntegerTest" time="0.178">
    <error message="EOF expected, content found after &quot;@type&quot; --&gt; :" type="com.cedarsoftware.io.JsonIoException"><![CDATA[com.cedarsoftware.io.JsonIoException: EOF expected, content found after "@type" --> :
	at com.cedarsoftware.io.JsonParser.readString(JsonParser.java:420)
	at com.cedarsoftware.io.JsonParser.readFieldNameIterative(JsonParser.java:257)
	at com.cedarsoftware.io.JsonParser.readJsonObjectIterative(JsonParser.java:199)
	at com.cedarsoftware.io.JsonParser.readValue(JsonParser.java:134)
	at com.cedarsoftware.io.JsonReader.readObject(JsonReader.java:210)
	at com.cedarsoftware.io.JsonIo.toObjects(JsonIo.java:186)
	at com.cedarsoftware.io.JsonIo.toObjects(JsonIo.java:158)
	at com.cedarsoftware.io.TestUtil.readJsonIo(TestUtil.java:142)
	at com.cedarsoftware.io.TestUtil.toObjects(TestUtil.java:193)
	at com.cedarsoftware.io.TestUtil.toObjects(TestUtil.java:183)
	at com.cedarsoftware.io.AtomicIntegerTest.testAssignAtomicInteger(AtomicIntegerTest.java:46)
	at java.base/java.lang.reflect.Method.invoke(Method.java:569)
	at java.base/java.util.ArrayList.forEach(ArrayList.java:1511)
	at java.base/java.util.ArrayList.forEach(ArrayList.java:1511)
]]></error>
  </testcase>
</testsuite>